# JRE version: OpenJDK Runtime Environment (21.0.6) (build 21.0.6+-13391695-b895.109)
# Java VM: OpenJDK 64-Bit Server VM (21.0.6+-13391695-b895.109, mixed mode, tiered, compressed oops, compressed class ptrs, g1 gc, windows-amd64)
GC Precious Log:
 CardTable entry size: 512
 Card Set container configuration: InlinePtr #cards 5 size 8 Array Of Cards #cards 12 size 40 Howl #buckets 4 coarsen threshold 1843 Howl Bitmap #cards 512 size 80 coarsen threshold 460 Card regions per heap region 1 cards per card region 2048
 CPUs: 8 total, 8 available
 Memory: 16108M
 Large Page Support: Disabled
 NUMA Support: Disabled
 Compressed Oops: Enabled (32-bit)
 Heap Region Size: 1M
 Heap Min Capacity: 8M
 Heap Initial Capacity: 252M
 Heap Max Capacity: 2G
 Pre-touch: Disabled
 Parallel Workers: 8
 Concurrent Workers: 2
 Concurrent Refinement Workers: 8
 Periodic GC: Disabled
Heap:
 garbage-first heap   total 251904K, used 236106K [0x0000000080000000, 0x0000000100000000)
  region size 1024K, 101 young (103424K), 13 survivors (13312K)
 Metaspace       used 118856K, committed 121216K, reserved 1179648K
  class space    used 16202K, committed 17408K, reserved 1048576K
GC Heap History (20 events):
Event: 8.120 GC heap after
{Heap after GC invocations=30 (full 0):
 garbage-first heap   total 172032K, used 91094K [0x0000000080000000, 0x0000000100000000)
  region size 1024K, 3 young (3072K), 3 survivors (3072K)
 Metaspace       used 93487K, committed 95488K, reserved 1179648K
  class space    used 12592K, committed 13568K, reserved 1048576K
}
Event: 8.623 GC heap before
{Heap before GC invocations=30 (full 0):
 garbage-first heap   total 172032K, used 151510K [0x0000000080000000, 0x0000000100000000)
  region size 1024K, 62 young (63488K), 3 survivors (3072K)
 Metaspace       used 98336K, committed 100352K, reserved 1179648K
  class space    used 13399K, committed 14400K, reserved 1048576K
}
Event: 8.626 GC heap after
{Heap after GC invocations=31 (full 0):
 garbage-first heap   total 172032K, used 92150K [0x0000000080000000, 0x0000000100000000)
  region size 1024K, 4 young (4096K), 4 survivors (4096K)
 Metaspace       used 98336K, committed 100352K, reserved 1179648K
  class space    used 13399K, committed 14400K, reserved 1048576K
}
Event: 9.068 GC heap before
{Heap before GC invocations=31 (full 0):
 garbage-first heap   total 172032K, used 153590K [0x0000000080000000, 0x0000000100000000)
  region size 1024K, 64 young (65536K), 4 survivors (4096K)
 Metaspace       used 102913K, committed 105152K, reserved 1179648K
  class space    used 14052K, committed 15168K, reserved 1048576K
}
Event: 9.073 GC heap after
{Heap after GC invocations=32 (full 0):
 garbage-first heap   total 172032K, used 95466K [0x0000000080000000, 0x0000000100000000)
  region size 1024K, 7 young (7168K), 7 survivors (7168K)
 Metaspace       used 102913K, committed 105152K, reserved 1179648K
  class space    used 14052K, committed 15168K, reserved 1048576K
}
Event: 9.557 GC heap before
{Heap before GC invocations=32 (full 0):
 garbage-first heap   total 172032K, used 154858K [0x0000000080000000, 0x0000000100000000)
  region size 1024K, 65 young (66560K), 7 survivors (7168K)
 Metaspace       used 108290K, committed 110528K, reserved 1179648K
  class space    used 14797K, committed 15936K, reserved 1048576K
}
Event: 9.562 GC heap after
{Heap after GC invocations=33 (full 0):
 garbage-first heap   total 172032K, used 98833K [0x0000000080000000, 0x0000000100000000)
  region size 1024K, 7 young (7168K), 7 survivors (7168K)
 Metaspace       used 108290K, committed 110528K, reserved 1179648K
  class space    used 14797K, committed 15936K, reserved 1048576K
}
Event: 10.121 GC heap before
{Heap before GC invocations=33 (full 0):
 garbage-first heap   total 172032K, used 155153K [0x0000000080000000, 0x0000000100000000)
  region size 1024K, 62 young (63488K), 7 survivors (7168K)
 Metaspace       used 112160K, committed 114432K, reserved 1179648K
  class space    used 15365K, committed 16512K, reserved 1048576K
}
Event: 10.127 GC heap after
{Heap after GC invocations=34 (full 0):
 garbage-first heap   total 172032K, used 104242K [0x0000000080000000, 0x0000000100000000)
  region size 1024K, 8 young (8192K), 8 survivors (8192K)
 Metaspace       used 112160K, committed 114432K, reserved 1179648K
  class space    used 15365K, committed 16512K, reserved 1048576K
}
Event: 10.308 GC heap before
{Heap before GC invocations=35 (full 0):
 garbage-first heap   total 174080K, used 154418K [0x0000000080000000, 0x0000000100000000)
  region size 1024K, 57 young (58368K), 8 survivors (8192K)
 Metaspace       used 112277K, committed 114560K, reserved 1179648K
  class space    used 15372K, committed 16512K, reserved 1048576K
}
Event: 10.315 GC heap after
{Heap after GC invocations=36 (full 0):
 garbage-first heap   total 174080K, used 108497K [0x0000000080000000, 0x0000000100000000)
  region size 1024K, 4 young (4096K), 4 survivors (4096K)
 Metaspace       used 112277K, committed 114560K, reserved 1179648K
  class space    used 15372K, committed 16512K, reserved 1048576K
}
Event: 10.619 GC heap before
{Heap before GC invocations=36 (full 0):
 garbage-first heap   total 174080K, used 159697K [0x0000000080000000, 0x0000000100000000)
  region size 1024K, 55 young (56320K), 4 survivors (4096K)
 Metaspace       used 112812K, committed 115008K, reserved 1179648K
  class space    used 15472K, committed 16576K, reserved 1048576K
}
Event: 10.625 GC heap after
{Heap after GC invocations=37 (full 0):
 garbage-first heap   total 174080K, used 110723K [0x0000000080000000, 0x0000000100000000)
  region size 1024K, 7 young (7168K), 7 survivors (7168K)
 Metaspace       used 112812K, committed 115008K, reserved 1179648K
  class space    used 15472K, committed 16576K, reserved 1048576K
}
Event: 10.778 GC heap before
{Heap before GC invocations=37 (full 0):
 garbage-first heap   total 174080K, used 155779K [0x0000000080000000, 0x0000000100000000)
  region size 1024K, 52 young (53248K), 7 survivors (7168K)
 Metaspace       used 112879K, committed 115200K, reserved 1179648K
  class space    used 15482K, committed 16640K, reserved 1048576K
}
Event: 10.782 GC heap after
{Heap after GC invocations=38 (full 0):
 garbage-first heap   total 174080K, used 112934K [0x0000000080000000, 0x0000000100000000)
  region size 1024K, 5 young (5120K), 5 survivors (5120K)
 Metaspace       used 112879K, committed 115200K, reserved 1179648K
  class space    used 15482K, committed 16640K, reserved 1048576K
}
Event: 11.056 GC heap before
{Heap before GC invocations=39 (full 0):
 garbage-first heap   total 189440K, used 156966K [0x0000000080000000, 0x0000000100000000)
  region size 1024K, 49 young (50176K), 5 survivors (5120K)
 Metaspace       used 113206K, committed 115456K, reserved 1179648K
  class space    used 15520K, committed 16640K, reserved 1048576K
}
Event: 11.059 GC heap after
{Heap after GC invocations=40 (full 0):
 garbage-first heap   total 189440K, used 114857K [0x0000000080000000, 0x0000000100000000)
  region size 1024K, 5 young (5120K), 5 survivors (5120K)
 Metaspace       used 113206K, committed 115456K, reserved 1179648K
  class space    used 15520K, committed 16640K, reserved 1048576K
}
Event: 11.501 GC heap before
{Heap before GC invocations=40 (full 0):
 garbage-first heap   total 189440K, used 172201K [0x0000000080000000, 0x0000000100000000)
  region size 1024K, 62 young (63488K), 5 survivors (5120K)
 Metaspace       used 116636K, committed 118912K, reserved 1179648K
  class space    used 15998K, committed 17152K, reserved 1048576K
}
Event: 11.507 GC heap after
{Heap after GC invocations=41 (full 0):
 garbage-first heap   total 236544K, used 117337K [0x0000000080000000, 0x0000000100000000)
  region size 1024K, 8 young (8192K), 8 survivors (8192K)
 Metaspace       used 116636K, committed 118912K, reserved 1179648K
  class space    used 15998K, committed 17152K, reserved 1048576K
}
Event: 13.102 GC heap before
{Heap before GC invocations=41 (full 0):
 garbage-first heap   total 236544K, used 235097K [0x0000000080000000, 0x0000000100000000)
  region size 1024K, 96 young (98304K), 8 survivors (8192K)
 Metaspace       used 118856K, committed 121216K, reserved 1179648K
  class space    used 16202K, committed 17408K, reserved 1048576K
}

